<?xml version="1.0" encoding="UTF-8"?>
<!-- Generated by org.testng.reporters.JUnitReportReporter -->
<testsuite hostname="DESKTOP-HKLU73H" failures="0" tests="1" name="api.test.GetVideosForHomeTest" time="8.802" errors="0" timestamp="2024-10-21T19:08:55 IST" skipped="0">
  <testcase classname="api.test.GetVideosForHomeTest" name="getVideosForHomeTestAPI" time="8.802"/>
  <system-out/>
</testsuite> <!-- api.test.GetVideosForHomeTest -->
