<?xml version="1.0" encoding="UTF-8"?>
<!-- Generated by org.testng.reporters.JUnitReportReporter -->
<testsuite hostname="MUM16123CPU2825" failures="0" tests="1" name="api.test.AuthenticateTest" time="1.945" errors="0" timestamp="2024-10-24T17:20:56 IST" skipped="0">
  <testcase classname="api.test.AuthenticateTest" name="AuthenticateTestApi" time="1.945"/>
  <system-out/>
</testsuite> <!-- api.test.AuthenticateTest -->
