<?xml version="1.0" encoding="UTF-8"?>
<!-- Generated by org.testng.reporters.JUnitReportReporter -->
<testsuite hostname="MUM16123CPU2825" failures="0" tests="1" name="api.test.UserTest" time="1.259" errors="0" timestamp="2024-10-19T12:56:44 IST" skipped="0">
  <testcase classname="api.test.UserTest" name="testPostUser" time="1.259"/>
  <system-out/>
</testsuite> <!-- api.test.UserTest -->
