<?xml version="1.0" encoding="UTF-8"?>
<!-- Generated by org.testng.reporters.JUnitReportReporter -->
<testsuite hostname="DESKTOP-HKLU73H" failures="0" tests="2" name="com.api.test.GetVideosForHomeTest" time="6.619" errors="0" timestamp="2024-11-04T12:42:31 IST" skipped="0">
  <testcase classname="com.api.test.GetVideosForHomeTest" name="getVideosForHomePostHeaderTest" time="6.075"/>
  <system-out/>
  <testcase classname="com.api.test.GetVideosForHomeTest" name="getVideosForHomeGetHeaderTest" time="0.544"/>
  <system-out/>
</testsuite> <!-- com.api.test.GetVideosForHomeTest -->
