<?xml version="1.0" encoding="UTF-8"?>
<!-- Generated by org.testng.reporters.JUnitReportReporter -->
<testsuite hostname="MUM16123CPU2825" failures="0" tests="2" name="com.api.test.GetVideosForHomeTest" time="0.005" errors="1" timestamp="2024-11-05T11:25:17 IST" skipped="1">
  <testcase classname="com.api.test.GetVideosForHomeTest" name="getVideosForHomeGetHeaderTest" time="0.000">
    <skipped/>
  </testcase> <!-- getVideosForHomeGetHeaderTest -->
  <system-out/>
  <testcase classname="com.api.test.GetVideosForHomeTest" name="getVideosForHomePostHeaderTest" time="0.005">
    <error message="Unresolved compilation problems: 
	The package org.hamcrest is accessible from more than one module: &lt;unnamed&gt;, org.hamcrest, org.hamcrest.core.deprecated
	Matchers cannot be resolved
	Matchers cannot be resolved
	Matchers cannot be resolved
" type="java.lang.Error">
      <![CDATA[java.lang.Error: Unresolved compilation problems: 
The package org.hamcrest is accessible from more than one module: <unnamed>, org.hamcrest, org.hamcrest.core.deprecated
Matchers cannot be resolved
Matchers cannot be resolved
Matchers cannot be resolved

at com.api.comman.HeaderValidator.<init>(HeaderValidator.java:6)
at com.api.test.GetVideosForHomeTest.getVideosForHomePostHeaderTest(GetVideosForHomeTest.java:23)
at java.base/jdk.internal.reflect.NativeMethodAccessorImpl.invoke0(Native Method)
at java.base/jdk.internal.reflect.NativeMethodAccessorImpl.invoke(NativeMethodAccessorImpl.java:62)
at java.base/jdk.internal.reflect.DelegatingMethodAccessorImpl.invoke(DelegatingMethodAccessorImpl.java:43)
at java.base/java.lang.reflect.Method.invoke(Method.java:566)
at org.testng.internal.MethodInvocationHelper.invokeMethod(MethodInvocationHelper.java:133)
at org.testng.internal.TestInvoker.invokeMethod(TestInvoker.java:598)
at org.testng.internal.TestInvoker.invokeTestMethod(TestInvoker.java:173)
at org.testng.internal.MethodRunner.runInSequence(MethodRunner.java:46)
at org.testng.internal.TestInvoker$MethodInvocationAgent.invoke(TestInvoker.java:824)
at org.testng.internal.TestInvoker.invokeTestMethods(TestInvoker.java:146)
at org.testng.internal.TestMethodWorker.invokeTestMethods(TestMethodWorker.java:146)
at org.testng.internal.TestMethodWorker.run(TestMethodWorker.java:128)
at java.base/java.util.ArrayList.forEach(ArrayList.java:1541)
at org.testng.TestRunner.privateRun(TestRunner.java:794)
at org.testng.TestRunner.run(TestRunner.java:596)
at org.testng.SuiteRunner.runTest(SuiteRunner.java:377)
at org.testng.SuiteRunner.runSequentially(SuiteRunner.java:371)
at org.testng.SuiteRunner.privateRun(SuiteRunner.java:332)
at org.testng.SuiteRunner.run(SuiteRunner.java:276)
at org.testng.SuiteRunnerWorker.runSuite(SuiteRunnerWorker.java:53)
at org.testng.SuiteRunnerWorker.run(SuiteRunnerWorker.java:96)
at org.testng.TestNG.runSuitesSequentially(TestNG.java:1212)
at org.testng.TestNG.runSuitesLocally(TestNG.java:1134)
at org.testng.TestNG.runSuites(TestNG.java:1063)
at org.testng.TestNG.run(TestNG.java:1031)
at org.testng.remote.AbstractRemoteTestNG.run(AbstractRemoteTestNG.java:115)
at org.testng.remote.RemoteTestNG.initAndRun(RemoteTestNG.java:293)
at org.testng.remote.RemoteTestNG.main(RemoteTestNG.java:91)
]]>
    </error>
  </testcase> <!-- getVideosForHomePostHeaderTest -->
  <system-out/>
</testsuite> <!-- com.api.test.GetVideosForHomeTest -->
