<?xml version="1.0" encoding="UTF-8"?>
<!-- Generated by org.testng.reporters.JUnitReportReporter -->
<testsuite hostname="DESKTOP-HKLU73H" failures="0" tests="1" name="api.test.AuthenticateTest" time="3.492" errors="0" timestamp="2024-10-27T17:39:50 IST" skipped="0">
  <testcase classname="api.test.AuthenticateTest" name="AuthenticateTestApi" time="3.492"/>
  <system-out/>
</testsuite> <!-- api.test.AuthenticateTest -->
