<?xml version="1.0" encoding="UTF-8"?>
<!-- Generated by org.testng.reporters.JUnitReportReporter -->
<testsuite hostname="MUM16123CPU2825" failures="0" tests="2" name="com.api.test.GetVideosForHomeTest" time="2.549" errors="0" timestamp="2024-11-05T17:05:29 IST" skipped="0">
  <testcase classname="com.api.test.GetVideosForHomeTest" name="getVideosForHomeGetHeaderTest" time="0.319"/>
  <system-out/>
  <testcase classname="com.api.test.GetVideosForHomeTest" name="getVideosForHomePostHeaderTest" time="2.230"/>
  <system-out/>
</testsuite> <!-- com.api.test.GetVideosForHomeTest -->
