<?xml version="1.0" encoding="UTF-8"?>
<!-- Generated by org.testng.reporters.JUnitReportReporter -->
<testsuite hostname="MUM16123CPU2825" failures="0" tests="1" name="api.test.GetVideosForHomeTest" time="1.122" errors="0" timestamp="2024-10-22T18:17:28 IST" skipped="0">
  <testcase classname="api.test.GetVideosForHomeTest" name="getVideosForHomeTestAPI" time="1.122"/>
  <system-out/>
</testsuite> <!-- api.test.GetVideosForHomeTest -->
