<?xml version="1.0" encoding="UTF-8"?>
<!-- Generated by org.testng.reporters.JUnitReportReporter -->
<testsuite hostname="DESKTOP-HKLU73H" failures="0" tests="1" name="com.nmims.api.test.AuthenticateTest" time="5.844" errors="0" timestamp="2024-10-28T15:22:57 IST" skipped="0">
  <testcase classname="com.nmims.api.test.AuthenticateTest" name="AuthenticateTestApi" time="5.844"/>
  <system-out/>
</testsuite> <!-- com.nmims.api.test.AuthenticateTest -->
