<?xml version="1.0" encoding="UTF-8"?>
<!-- Generated by org.testng.reporters.JUnitReportReporter -->
<testsuite hostname="MUM16123CPU2825" failures="0" tests="1" name="com.api.test.AuthenticateTest" time="1.277" errors="0" timestamp="2024-10-29T18:36:16 IST" skipped="0">
  <testcase classname="com.api.test.AuthenticateTest" name="AuthenticateTestApi" time="1.277"/>
  <system-out/>
</testsuite> <!-- com.api.test.AuthenticateTest -->
