<?xml version="1.0" encoding="UTF-8"?>
<!-- Generated by org.testng.reporters.JUnitReportReporter -->
<testsuite hostname="MUM16123CPU2825" failures="0" tests="2" name="com.api.test.GetVideosForHomeTest" time="2.984" errors="1" timestamp="2024-11-07T11:46:57 IST" skipped="1">
  <testcase classname="com.api.test.GetVideosForHomeTest" name="getVideosForHomePostHeaderTest" time="2.984">
    <error message="java.lang.ClassCastException: class java.util.LinkedHashMap cannot be cast to class com.api.pojoClass.GetVideosForHomePojo (java.util.LinkedHashMap is in module java.base of loader &#039;bootstrap&#039;; com.api.pojoClass.GetVideosForHomePojo is in unnamed module of loader &#039;app&#039;)" type="java.lang.RuntimeException">
      <![CDATA[java.lang.RuntimeException: java.lang.ClassCastException: class java.util.LinkedHashMap cannot be cast to class com.api.pojoClass.GetVideosForHomePojo (java.util.LinkedHashMap is in module java.base of loader 'bootstrap'; com.api.pojoClass.GetVideosForHomePojo is in unnamed module of loader 'app')
at com.api.test.GetVideosForHomeTest.getVideosForHomePostHeaderTest(GetVideosForHomeTest.java:53)
at java.base/jdk.internal.reflect.NativeMethodAccessorImpl.invoke0(Native Method)
at java.base/jdk.internal.reflect.NativeMethodAccessorImpl.invoke(NativeMethodAccessorImpl.java:62)
at java.base/jdk.internal.reflect.DelegatingMethodAccessorImpl.invoke(DelegatingMethodAccessorImpl.java:43)
at java.base/java.lang.reflect.Method.invoke(Method.java:566)
at org.testng.internal.MethodInvocationHelper.invokeMethod(MethodInvocationHelper.java:133)
at org.testng.internal.TestInvoker.invokeMethod(TestInvoker.java:598)
at org.testng.internal.TestInvoker.invokeTestMethod(TestInvoker.java:173)
at org.testng.internal.MethodRunner.runInSequence(MethodRunner.java:46)
at org.testng.internal.TestInvoker$MethodInvocationAgent.invoke(TestInvoker.java:824)
at org.testng.internal.TestInvoker.invokeTestMethods(TestInvoker.java:146)
at org.testng.internal.TestMethodWorker.invokeTestMethods(TestMethodWorker.java:146)
at org.testng.internal.TestMethodWorker.run(TestMethodWorker.java:128)
at java.base/java.util.ArrayList.forEach(ArrayList.java:1541)
at org.testng.TestRunner.privateRun(TestRunner.java:794)
at org.testng.TestRunner.run(TestRunner.java:596)
at org.testng.SuiteRunner.runTest(SuiteRunner.java:377)
at org.testng.SuiteRunner.runSequentially(SuiteRunner.java:371)
at org.testng.SuiteRunner.privateRun(SuiteRunner.java:332)
at org.testng.SuiteRunner.run(SuiteRunner.java:276)
at org.testng.SuiteRunnerWorker.runSuite(SuiteRunnerWorker.java:53)
at org.testng.SuiteRunnerWorker.run(SuiteRunnerWorker.java:96)
at org.testng.TestNG.runSuitesSequentially(TestNG.java:1212)
at org.testng.TestNG.runSuitesLocally(TestNG.java:1134)
at org.testng.TestNG.runSuites(TestNG.java:1063)
at org.testng.TestNG.run(TestNG.java:1031)
at org.testng.remote.AbstractRemoteTestNG.run(AbstractRemoteTestNG.java:115)
at org.testng.remote.RemoteTestNG.initAndRun(RemoteTestNG.java:293)
at org.testng.remote.RemoteTestNG.main(RemoteTestNG.java:91)
Caused by: java.lang.ClassCastException: class java.util.LinkedHashMap cannot be cast to class com.api.pojoClass.GetVideosForHomePojo (java.util.LinkedHashMap is in module java.base of loader 'bootstrap'; com.api.pojoClass.GetVideosForHomePojo is in unnamed module of loader 'app')
at com.api.response.mapper.GetVideosForHomeMapper.GetVideosForHomeResponsValidation(GetVideosForHomeMapper.java:40)
at com.api.test.GetVideosForHomeTest.getVideosForHomePostHeaderTest(GetVideosForHomeTest.java:33)
... 28 more
]]>
    </error>
  </testcase> <!-- getVideosForHomePostHeaderTest -->
  <system-out/>
  <testcase classname="com.api.test.GetVideosForHomeTest" name="getVideosForHomeGetHeaderTest" time="0.000">
    <skipped/>
  </testcase> <!-- getVideosForHomeGetHeaderTest -->
  <system-out/>
</testsuite> <!-- com.api.test.GetVideosForHomeTest -->
