<?xml version="1.0" encoding="UTF-8"?>
<!-- Generated by org.testng.reporters.JUnitReportReporter -->
<testsuite hostname="MUM16123CPU2825" failures="0" tests="3" name="com.api.test.GetVideosForHomeTest" time="1.289" errors="0" timestamp="2024-11-14T17:48:03 IST" skipped="0">
  <testcase classname="com.api.test.GetVideosForHomeTest" name="getVideosForHomeGetHeaderTest" time="0.296"/>
  <system-out/>
  <testcase classname="com.api.test.GetVideosForHomeTest" name="getVideosForHomeDELETEHeaderTest" time="0.300"/>
  <system-out/>
  <testcase classname="com.api.test.GetVideosForHomeTest" name="getVideosForHomePostHeaderTest" time="0.693"/>
  <system-out/>
</testsuite> <!-- com.api.test.GetVideosForHomeTest -->
