<?xml version="1.0" encoding="UTF-8"?>
<!-- Generated by org.testng.reporters.JUnitReportReporter -->
<testsuite hostname="DESKTOP-HKLU73H" failures="0" tests="1" name="com.api.test.AuthenticateTest" time="4.016" errors="0" timestamp="2024-11-02T14:25:41 IST" skipped="0">
  <testcase classname="com.api.test.AuthenticateTest" name="authenticateTestApi" time="4.016"/>
  <system-out/>
</testsuite> <!-- com.api.test.AuthenticateTest -->
