<?xml version="1.0" encoding="UTF-8"?>
<!-- Generated by org.testng.reporters.JUnitReportReporter -->
<testsuite hostname="MUM16123CPU2825" failures="0" tests="1" name="com.api.test.GetVideosForHomeTest" time="0.699" errors="0" timestamp="2024-10-29T18:36:16 IST" skipped="0">
  <testcase classname="com.api.test.GetVideosForHomeTest" name="getVideosForHomeTestAPI" time="0.699"/>
  <system-out/>
</testsuite> <!-- com.api.test.GetVideosForHomeTest -->
