<?xml version="1.0" encoding="UTF-8"?>
<!-- Generated by org.testng.reporters.JUnitReportReporter -->
<testsuite hostname="DESKTOP-HKLU73H" failures="0" tests="2" name="com.api.test.GetVideosForHomeTest" time="5.766" errors="1" timestamp="2024-11-04T21:33:38 IST" skipped="1">
  <testcase classname="com.api.test.GetVideosForHomeTest" name="getVideosForHomePostHeaderTest" time="5.766">
    <error message="com.fasterxml.jackson.databind.exc.UnrecognizedPropertyException: Unrecognized field &quot;createdBy&quot; (class com.api.pojoClass.GetVideosForHomePojo), not marked as ignorable (9 known properties: &quot;programSemSubjectId&quot;, &quot;currentAcadMonth&quot;, &quot;sessionDate&quot;, &quot;currentSemPSSId&quot;, &quot;id&quot;, &quot;subject&quot;, &quot;facultyName&quot;, &quot;currentAcadYear&quot;, &quot;description&quot;])
 at [Source: (StringReader); line: 1, column: 19] (through reference chain: java.util.ArrayList[0]-&gt;com.api.pojoClass.GetVideosForHomePojo[&quot;createdBy&quot;])" type="java.lang.RuntimeException">
      <![CDATA[java.lang.RuntimeException: com.fasterxml.jackson.databind.exc.UnrecognizedPropertyException: Unrecognized field "createdBy" (class com.api.pojoClass.GetVideosForHomePojo), not marked as ignorable (9 known properties: "programSemSubjectId", "currentAcadMonth", "sessionDate", "currentSemPSSId", "id", "subject", "facultyName", "currentAcadYear", "description"])
 at [Source: (StringReader); line: 1, column: 19] (through reference chain: java.util.ArrayList[0]->com.api.pojoClass.GetVideosForHomePojo["createdBy"])
at com.api.test.GetVideosForHomeTest.getVideosForHomePostHeaderTest(GetVideosForHomeTest.java:53)
at java.base/jdk.internal.reflect.NativeMethodAccessorImpl.invoke0(Native Method)
at java.base/jdk.internal.reflect.NativeMethodAccessorImpl.invoke(NativeMethodAccessorImpl.java:62)
at java.base/jdk.internal.reflect.DelegatingMethodAccessorImpl.invoke(DelegatingMethodAccessorImpl.java:43)
at java.base/java.lang.reflect.Method.invoke(Method.java:566)
at org.testng.internal.MethodInvocationHelper.invokeMethod(MethodInvocationHelper.java:133)
at org.testng.internal.TestInvoker.invokeMethod(TestInvoker.java:598)
at org.testng.internal.TestInvoker.invokeTestMethod(TestInvoker.java:173)
at org.testng.internal.MethodRunner.runInSequence(MethodRunner.java:46)
at org.testng.internal.TestInvoker$MethodInvocationAgent.invoke(TestInvoker.java:824)
at org.testng.internal.TestInvoker.invokeTestMethods(TestInvoker.java:146)
at org.testng.internal.TestMethodWorker.invokeTestMethods(TestMethodWorker.java:146)
at org.testng.internal.TestMethodWorker.run(TestMethodWorker.java:128)
at java.base/java.util.ArrayList.forEach(ArrayList.java:1541)
at org.testng.TestRunner.privateRun(TestRunner.java:794)
at org.testng.TestRunner.run(TestRunner.java:596)
at org.testng.SuiteRunner.runTest(SuiteRunner.java:377)
at org.testng.SuiteRunner.runSequentially(SuiteRunner.java:371)
at org.testng.SuiteRunner.privateRun(SuiteRunner.java:332)
at org.testng.SuiteRunner.run(SuiteRunner.java:276)
at org.testng.SuiteRunnerWorker.runSuite(SuiteRunnerWorker.java:53)
at org.testng.SuiteRunnerWorker.run(SuiteRunnerWorker.java:96)
at org.testng.TestNG.runSuitesSequentially(TestNG.java:1212)
at org.testng.TestNG.runSuitesLocally(TestNG.java:1134)
at org.testng.TestNG.runSuites(TestNG.java:1063)
at org.testng.TestNG.run(TestNG.java:1031)
at org.testng.remote.AbstractRemoteTestNG.run(AbstractRemoteTestNG.java:115)
at org.testng.remote.RemoteTestNG.initAndRun(RemoteTestNG.java:293)
at org.testng.remote.RemoteTestNG.main(RemoteTestNG.java:91)
Caused by: com.fasterxml.jackson.databind.exc.UnrecognizedPropertyException: Unrecognized field "createdBy" (class com.api.pojoClass.GetVideosForHomePojo), not marked as ignorable (9 known properties: "programSemSubjectId", "currentAcadMonth", "sessionDate", "currentSemPSSId", "id", "subject", "facultyName", "currentAcadYear", "description"])
 at [Source: (StringReader); line: 1, column: 19] (through reference chain: java.util.ArrayList[0]->com.api.pojoClass.GetVideosForHomePojo["createdBy"])
at com.fasterxml.jackson.databind.exc.UnrecognizedPropertyException.from(UnrecognizedPropertyException.java:61)
at com.fasterxml.jackson.databind.DeserializationContext.handleUnknownProperty(DeserializationContext.java:987)
at com.fasterxml.jackson.databind.deser.std.StdDeserializer.handleUnknownProperty(StdDeserializer.java:1974)
at com.fasterxml.jackson.databind.deser.BeanDeserializerBase.handleUnknownProperty(BeanDeserializerBase.java:1701)
at com.fasterxml.jackson.databind.deser.BeanDeserializerBase.handleUnknownVanilla(BeanDeserializerBase.java:1679)
at com.fasterxml.jackson.databind.deser.BeanDeserializer.vanillaDeserialize(BeanDeserializer.java:330)
at com.fasterxml.jackson.databind.deser.BeanDeserializer.deserialize(BeanDeserializer.java:187)
at com.fasterxml.jackson.databind.deser.std.CollectionDeserializer._deserializeFromArray(CollectionDeserializer.java:355)
at com.fasterxml.jackson.databind.deser.std.CollectionDeserializer.deserialize(CollectionDeserializer.java:244)
at com.fasterxml.jackson.databind.deser.std.CollectionDeserializer.deserialize(CollectionDeserializer.java:28)
at com.fasterxml.jackson.databind.deser.DefaultDeserializationContext.readRootValue(DefaultDeserializationContext.java:322)
at com.fasterxml.jackson.databind.ObjectMapper._readMapAndClose(ObjectMapper.java:4593)
at com.fasterxml.jackson.databind.ObjectMapper.readValue(ObjectMapper.java:3548)
at com.fasterxml.jackson.databind.ObjectMapper.readValue(ObjectMapper.java:3531)
at com.api.comman.GetVideosForHomeResponceValidation.GetVideosForHomeResponsValidation(GetVideosForHomeResponceValidation.java:31)
at com.api.test.GetVideosForHomeTest.getVideosForHomePostHeaderTest(GetVideosForHomeTest.java:33)
... 28 more
]]>
    </error>
  </testcase> <!-- getVideosForHomePostHeaderTest -->
  <system-out/>
  <testcase classname="com.api.test.GetVideosForHomeTest" name="getVideosForHomeGetHeaderTest" time="0.000">
    <skipped/>
  </testcase> <!-- getVideosForHomeGetHeaderTest -->
  <system-out/>
</testsuite> <!-- com.api.test.GetVideosForHomeTest -->
