<?xml version="1.0" encoding="UTF-8"?>
<!-- Generated by org.testng.reporters.JUnitReportReporter -->
<testsuite hostname="MUM16123CPU2825" failures="0" tests="2" name="com.api.test.GetVideosForHomeTest" time="1.864" errors="0" timestamp="2024-11-12T10:06:27 IST" skipped="0">
  <testcase classname="com.api.test.GetVideosForHomeTest" name="getVideosForHomePostHeaderTest" time="0.823"/>
  <system-out/>
  <testcase classname="com.api.test.GetVideosForHomeTest" name="getVideosForHomeGetHeaderTest" time="1.041"/>
  <system-out/>
</testsuite> <!-- com.api.test.GetVideosForHomeTest -->
